<?xml version="1.0" encoding="UTF-8"?>
<!-- Generated by org.testng.reporters.JUnitReportReporter -->
<testsuite hostname="CTL-16" name="unitTest.DataProviderTest" tests="2" failures="0" timestamp="24 Jan 2018 07:20:17 GMT" time="0.469" errors="0">
  <testcase name="testExcelDataProvider" time="0.455" classname="unitTest.DataProviderTest"/>
  <testcase name="testConfigDataProvider" time="0.014" classname="unitTest.DataProviderTest"/>
</testsuite> <!-- unitTest.DataProviderTest -->
