<?xml version="1.0" encoding="UTF-8"?>
<!-- Generated by org.testng.reporters.JUnitReportReporter -->
<testsuite hostname="CTL-16" name="unitTest.DataProviderFactoryTest" tests="2" failures="0" timestamp="24 Jan 2018 07:20:17 GMT" time="0.053" errors="0">
  <testcase name="testgetExcelObject" time="0.053" classname="unitTest.DataProviderFactoryTest"/>
  <testcase name="testgetConfigObject" time="0.000" classname="unitTest.DataProviderFactoryTest"/>
</testsuite> <!-- unitTest.DataProviderFactoryTest -->
