<?xml version="1.0" encoding="UTF-8"?>
<!-- Generated by org.testng.reporters.JUnitReportReporter -->
<testsuite hostname="CTL-16" name="unitTest.BrowserFactoryTest" tests="3" failures="0" timestamp="24 Jan 2018 07:20:17 GMT" time="14.509" errors="0">
  <testcase name="testIE" time="2.935" classname="unitTest.BrowserFactoryTest"/>
  <testcase name="testFirefox" time="6.513" classname="unitTest.BrowserFactoryTest"/>
  <testcase name="testchrome" time="5.061" classname="unitTest.BrowserFactoryTest"/>
</testsuite> <!-- unitTest.BrowserFactoryTest -->
